[debug] [2025-12-01T19:38:35.605Z] ----------------------------------------------------------------------
[debug] [2025-12-01T19:38:35.617Z] Command:       C:\Program Files\nodejs\node.exe C:\Users\mahmo\AppData\Roaming\npm\node_modules\firebase-tools\lib\bin\firebase.js deploy
[debug] [2025-12-01T19:38:35.618Z] CLI Version:   14.26.0
[debug] [2025-12-01T19:38:35.618Z] Platform:      win32
[debug] [2025-12-01T19:38:35.619Z] Node Version:  v22.20.0
[debug] [2025-12-01T19:38:35.619Z] Time:          Mon Dec 01 2025 21:38:35 GMT+0200 (Israel Standard Time)
[debug] [2025-12-01T19:38:35.619Z] ----------------------------------------------------------------------
[debug] 
[debug] [2025-12-01T19:38:35.828Z] > command requires scopes: ["email","openid","https://www.googleapis.com/auth/cloudplatformprojects.readonly","https://www.googleapis.com/auth/firebase","https://www.googleapis.com/auth/cloud-platform"]
[debug] [2025-12-01T19:38:35.828Z] > authorizing via signed-in user (mahmood.amash@gmail.com)
[debug] [2025-12-01T19:38:35.828Z] [iam] checking project studio-7146503853-7b89c for permissions ["firebase.projects.get","firebasehosting.sites.update"]
[debug] [2025-12-01T19:38:35.829Z] Checked if tokens are valid: true, expires at: 1764619274470
[debug] [2025-12-01T19:38:35.829Z] Checked if tokens are valid: true, expires at: 1764619274470
[debug] [2025-12-01T19:38:35.830Z] >>> [apiv2][query] POST https://cloudresourcemanager.googleapis.com/v1/projects/studio-7146503853-7b89c:testIamPermissions [none]
[debug] [2025-12-01T19:38:35.830Z] >>> [apiv2][(partial)header] POST https://cloudresourcemanager.googleapis.com/v1/projects/studio-7146503853-7b89c:testIamPermissions x-goog-quota-user=projects/studio-7146503853-7b89c
[debug] [2025-12-01T19:38:35.830Z] >>> [apiv2][body] POST https://cloudresourcemanager.googleapis.com/v1/projects/studio-7146503853-7b89c:testIamPermissions {"permissions":["firebase.projects.get","firebasehosting.sites.update"]}
[debug] [2025-12-01T19:38:36.869Z] <<< [apiv2][status] POST https://cloudresourcemanager.googleapis.com/v1/projects/studio-7146503853-7b89c:testIamPermissions 200
[debug] [2025-12-01T19:38:36.869Z] <<< [apiv2][body] POST https://cloudresourcemanager.googleapis.com/v1/projects/studio-7146503853-7b89c:testIamPermissions {"permissions":["firebase.projects.get","firebasehosting.sites.update"]}
[debug] [2025-12-01T19:38:36.870Z] Checked if tokens are valid: true, expires at: 1764619274470
[debug] [2025-12-01T19:38:36.870Z] Checked if tokens are valid: true, expires at: 1764619274470
[debug] [2025-12-01T19:38:36.870Z] >>> [apiv2][query] GET https://firebase.googleapis.com/v1beta1/projects/studio-7146503853-7b89c [none]
[debug] [2025-12-01T19:38:37.203Z] <<< [apiv2][status] GET https://firebase.googleapis.com/v1beta1/projects/studio-7146503853-7b89c 200
[debug] [2025-12-01T19:38:37.203Z] <<< [apiv2][body] GET https://firebase.googleapis.com/v1beta1/projects/studio-7146503853-7b89c {"projectId":"studio-7146503853-7b89c","projectNumber":"949418216545","displayName":"Firebase app","name":"projects/studio-7146503853-7b89c","resources":{"hostingSite":"studio-7146503853-7b89c"},"state":"ACTIVE","etag":"1_27d38f09-718c-4e1d-90b2-0845356fce3e"}
[info] 
   Thank you for trying our early preview of Next.js support on Firebase Hosting.
   During the preview, support is best-effort and breaking changes can be expected. Proceed with caution.
   The integration is known to work with Next.js version 12 - 15.0. You may encounter errors.

   Documentation: https://firebase.google.com/docs/hosting/frameworks/nextjs
   File a bug: https://github.com/firebase/firebase-tools/issues/new?template=bug_report.md
   Submit a feature request: https://github.com/firebase/firebase-tools/issues/new?template=feature_request.md

   We'd love to learn from you. Express your interest in helping us shape the future of Firebase Hosting: https://goo.gle/41enW5X

[debug] [2025-12-01T19:38:42.873Z] Checked if tokens are valid: true, expires at: 1764619274470
[debug] [2025-12-01T19:38:42.873Z] Checked if tokens are valid: true, expires at: 1764619274470
[debug] [2025-12-01T19:38:42.873Z] >>> [apiv2][query] GET https://firebasehosting.googleapis.com/v1beta1/projects/studio-7146503853-7b89c/sites/studio-7146503853-7b89c [none]
[debug] [2025-12-01T19:38:44.023Z] <<< [apiv2][status] GET https://firebasehosting.googleapis.com/v1beta1/projects/studio-7146503853-7b89c/sites/studio-7146503853-7b89c 200
[debug] [2025-12-01T19:38:44.023Z] <<< [apiv2][body] GET https://firebasehosting.googleapis.com/v1beta1/projects/studio-7146503853-7b89c/sites/studio-7146503853-7b89c {"name":"projects/studio-7146503853-7b89c/sites/studio-7146503853-7b89c","defaultUrl":"https://studio-7146503853-7b89c.web.app","appId":"1:949418216545:web:d8d0ee8fcae5899caeae20","type":"DEFAULT_SITE"}
[info]    ▲ Next.js 16.0.6 (Turbopack)

[info] 

[info]    Creating an optimized production build ...

[info] 

[info] > Build error occurred

[info] Error: Turbopack build failed with 1 errors:
./app/page.tsx:2:51
Parsing ecmascript source code failed
  1 | export default function Page() {
> 2 |   return <h1الموقع قيد التحديثات!</h1>;
    |                                                   ^
  3 | }
  4 |

Unexpected token `!`. Expected jsx identifier


    at <unknown> (./app/page.tsx:2:51)

[debug] [2025-12-01T19:38:47.907Z] Error: ENOENT: no such file or directory, open 'C:\Users\mahmo\Downloads\hosting\.next\server\middleware-manifest.json'
[error] 
[error] Error: An unexpected error has occurred.
